<?xml version="1.0" encoding="UTF-8"?>
<!-- Generated by org.testng.reporters.JUnitXMLReporter -->
<testsuite ignored="0" hostname="DESKTOP-G7T7RQ4" failures="0" tests="4" name="Default test" time="45.388" errors="0" timestamp="2024-02-22T09:25:54 IST">
  <testcase classname="com.demowebshop.testscripts.AddToCartTest" name="TC_ShoppingCart_001" time="11.902"/>
  <testcase classname="com.demowebshop.testscripts.AddToCartTest" name="TC_ShoppingCart_001" time="4.05"/>
  <testcase classname="com.demowebshop.testscripts.AddToCartTest" name="TC_ShoppingCart_001" time="3.902"/>
  <testcase classname="com.demowebshop.testscripts.AddToCartTest" name="TC_ShoppingCart_001" time="3.549"/>
</testsuite> <!-- Default test -->
