<?xml version="1.0" encoding="UTF-8"?>
<testng-results ignored="0" total="4" passed="4" failed="0" skipped="0">
  <reporter-output>
    <line>
      <![CDATA[User not logged in]]>
    </line>
  </reporter-output>
  <suite started-at="2024-02-22T09:25:08 IST" name="Default suite" finished-at="2024-02-22T09:25:53 IST" duration-ms="45388">
    <groups>
    </groups>
    <test started-at="2024-02-22T09:25:08 IST" name="Default test" finished-at="2024-02-22T09:25:53 IST" duration-ms="45388">
      <class name="com.demowebshop.testscripts.AddToCartTest">
        <test-method is-config="true" signature="reportConfig()[pri:0, instance:com.demowebshop.testscripts.AddToCartTest@534a5a98]" started-at="2024-02-22T09:25:08 IST" name="reportConfig" finished-at="2024-02-22T09:25:08 IST" duration-ms="428" status="PASS">
          <reporter-output>
          </reporter-output>
        </test-method> <!-- reportConfig -->
        <test-method is-config="true" signature="browserSetup(java.lang.reflect.Method)[pri:0, instance:com.demowebshop.testscripts.AddToCartTest@534a5a98]" started-at="2024-02-22T09:25:09 IST" name="browserSetup" finished-at="2024-02-22T09:25:15 IST" duration-ms="5624" status="PASS">
          <params>
            <param index="0">
              <value>
                <![CDATA[public void com.demowebshop.testscripts.AddToCartTest.TC_ShoppingCart_001(java.lang.String,java.lang.String)]]>
              </value>
            </param>
          </params>
          <reporter-output>
          </reporter-output>
        </test-method> <!-- browserSetup -->
        <test-method signature="TC_ShoppingCart_001(java.lang.String,java.lang.String)[pri:0, instance:com.demowebshop.testscripts.AddToCartTest@534a5a98]" started-at="2024-02-22T09:25:15 IST" name="TC_ShoppingCart_001" data-provider="addToCart" finished-at="2024-02-22T09:25:27 IST" duration-ms="11902" status="PASS">
          <params>
            <param index="0">
              <value>
                <![CDATA[pramodkale@gmail.com]]>
              </value>
            </param>
            <param index="1">
              <value>
                <![CDATA[Password@13]]>
              </value>
            </param>
          </params>
          <reporter-output>
            <line>
              <![CDATA[User not logged in]]>
            </line>
          </reporter-output>
        </test-method> <!-- TC_ShoppingCart_001 -->
        <test-method is-config="true" signature="browserTearDown()[pri:0, instance:com.demowebshop.testscripts.AddToCartTest@534a5a98]" started-at="2024-02-22T09:25:27 IST" name="browserTearDown" finished-at="2024-02-22T09:25:27 IST" duration-ms="248" status="PASS">
          <reporter-output>
          </reporter-output>
        </test-method> <!-- browserTearDown -->
        <test-method is-config="true" signature="browserSetup(java.lang.reflect.Method)[pri:0, instance:com.demowebshop.testscripts.AddToCartTest@534a5a98]" started-at="2024-02-22T09:25:27 IST" name="browserSetup" finished-at="2024-02-22T09:25:32 IST" duration-ms="4576" status="PASS">
          <params>
            <param index="0">
              <value>
                <![CDATA[public void com.demowebshop.testscripts.AddToCartTest.TC_ShoppingCart_001(java.lang.String,java.lang.String)]]>
              </value>
            </param>
          </params>
          <reporter-output>
          </reporter-output>
        </test-method> <!-- browserSetup -->
        <test-method signature="TC_ShoppingCart_001(java.lang.String,java.lang.String)[pri:0, instance:com.demowebshop.testscripts.AddToCartTest@534a5a98]" started-at="2024-02-22T09:25:32 IST" name="TC_ShoppingCart_001" data-provider="addToCart" finished-at="2024-02-22T09:25:36 IST" duration-ms="4050" status="PASS">
          <params>
            <param index="0">
              <value>
                <![CDATA[pratibhakore@gmail.com]]>
              </value>
            </param>
            <param index="1">
              <value>
                <![CDATA[Password@123]]>
              </value>
            </param>
          </params>
          <reporter-output>
          </reporter-output>
        </test-method> <!-- TC_ShoppingCart_001 -->
        <test-method is-config="true" signature="browserTearDown()[pri:0, instance:com.demowebshop.testscripts.AddToCartTest@534a5a98]" started-at="2024-02-22T09:25:36 IST" name="browserTearDown" finished-at="2024-02-22T09:25:36 IST" duration-ms="258" status="PASS">
          <reporter-output>
          </reporter-output>
        </test-method> <!-- browserTearDown -->
        <test-method is-config="true" signature="browserSetup(java.lang.reflect.Method)[pri:0, instance:com.demowebshop.testscripts.AddToCartTest@534a5a98]" started-at="2024-02-22T09:25:36 IST" name="browserSetup" finished-at="2024-02-22T09:25:40 IST" duration-ms="4457" status="PASS">
          <params>
            <param index="0">
              <value>
                <![CDATA[public void com.demowebshop.testscripts.AddToCartTest.TC_ShoppingCart_001(java.lang.String,java.lang.String)]]>
              </value>
            </param>
          </params>
          <reporter-output>
          </reporter-output>
        </test-method> <!-- browserSetup -->
        <test-method signature="TC_ShoppingCart_001(java.lang.String,java.lang.String)[pri:0, instance:com.demowebshop.testscripts.AddToCartTest@534a5a98]" started-at="2024-02-22T09:25:40 IST" name="TC_ShoppingCart_001" data-provider="addToCart" finished-at="2024-02-22T09:25:44 IST" duration-ms="3902" status="PASS">
          <params>
            <param index="0">
              <value>
                <![CDATA[poojakore@gmail.com]]>
              </value>
            </param>
            <param index="1">
              <value>
                <![CDATA[Password@123]]>
              </value>
            </param>
          </params>
          <reporter-output>
          </reporter-output>
        </test-method> <!-- TC_ShoppingCart_001 -->
        <test-method is-config="true" signature="browserTearDown()[pri:0, instance:com.demowebshop.testscripts.AddToCartTest@534a5a98]" started-at="2024-02-22T09:25:44 IST" name="browserTearDown" finished-at="2024-02-22T09:25:45 IST" duration-ms="277" status="PASS">
          <reporter-output>
          </reporter-output>
        </test-method> <!-- browserTearDown -->
        <test-method is-config="true" signature="browserSetup(java.lang.reflect.Method)[pri:0, instance:com.demowebshop.testscripts.AddToCartTest@534a5a98]" started-at="2024-02-22T09:25:45 IST" name="browserSetup" finished-at="2024-02-22T09:25:49 IST" duration-ms="4619" status="PASS">
          <params>
            <param index="0">
              <value>
                <![CDATA[public void com.demowebshop.testscripts.AddToCartTest.TC_ShoppingCart_001(java.lang.String,java.lang.String)]]>
              </value>
            </param>
          </params>
          <reporter-output>
          </reporter-output>
        </test-method> <!-- browserSetup -->
        <test-method signature="TC_ShoppingCart_001(java.lang.String,java.lang.String)[pri:0, instance:com.demowebshop.testscripts.AddToCartTest@534a5a98]" started-at="2024-02-22T09:25:49 IST" name="TC_ShoppingCart_001" data-provider="addToCart" finished-at="2024-02-22T09:25:53 IST" duration-ms="3549" status="PASS">
          <params>
            <param index="0">
              <value>
                <![CDATA[shivrajkore@gmail.com]]>
              </value>
            </param>
            <param index="1">
              <value>
                <![CDATA[Password@123]]>
              </value>
            </param>
          </params>
          <reporter-output>
          </reporter-output>
        </test-method> <!-- TC_ShoppingCart_001 -->
        <test-method is-config="true" signature="browserTearDown()[pri:0, instance:com.demowebshop.testscripts.AddToCartTest@534a5a98]" started-at="2024-02-22T09:25:53 IST" name="browserTearDown" finished-at="2024-02-22T09:25:53 IST" duration-ms="780" status="PASS">
          <reporter-output>
          </reporter-output>
        </test-method> <!-- browserTearDown -->
        <test-method is-config="true" signature="reportFlush()[pri:0, instance:com.demowebshop.testscripts.AddToCartTest@534a5a98]" started-at="2024-02-22T09:25:54 IST" name="reportFlush" finished-at="2024-02-22T09:25:54 IST" duration-ms="435" status="PASS">
          <reporter-output>
          </reporter-output>
        </test-method> <!-- reportFlush -->
      </class> <!-- com.demowebshop.testscripts.AddToCartTest -->
    </test> <!-- Default test -->
  </suite> <!-- Default suite -->
</testng-results>
